[debug] [2022-08-28T09:14:12.201Z] ----------------------------------------------------------------------
[debug] [2022-08-28T09:14:12.204Z] Command:       C:\Program Files\nodejs\node.exe C:\Users\dinhs\AppData\Roaming\npm\node_modules\firebase-tools\lib\bin\firebase.js init
[debug] [2022-08-28T09:14:12.204Z] CLI Version:   11.8.0
[debug] [2022-08-28T09:14:12.204Z] Platform:      win32
[debug] [2022-08-28T09:14:12.204Z] Node Version:  v16.14.2
[debug] [2022-08-28T09:14:12.205Z] Time:          Sun Aug 28 2022 16:14:12 GMT+0700 (Indochina Time)
[debug] [2022-08-28T09:14:12.205Z] ----------------------------------------------------------------------
[debug] 
[debug] [2022-08-28T09:14:12.213Z] > command requires scopes: ["email","openid","https://www.googleapis.com/auth/cloudplatformprojects.readonly","https://www.googleapis.com/auth/firebase","https://www.googleapis.com/auth/cloud-platform"]
[debug] [2022-08-28T09:14:12.213Z] > authorizing via signed-in user (dinhsithuyct@gmail.com)
[info] 
     ######## #### ########  ######## ########     ###     ######  ########
     ##        ##  ##     ## ##       ##     ##  ##   ##  ##       ##
     ######    ##  ########  ######   ########  #########  ######  ######
     ##        ##  ##    ##  ##       ##     ## ##     ##       ## ##
     ##       #### ##     ## ######## ########  ##     ##  ######  ########

You're about to initialize a Firebase project in this directory:

  C:\Users\dinhs\Desktop\React-MovieWebsite\movie-app

[info] 
=== Project Setup
[info] 
[info] First, let's associate this project directory with a Firebase project.
[info] You can create multiple project aliases by running firebase use --add, 
[info] but for now we'll just set up a default project.
[info] 
